<?xml version="1.0" encoding="UTF-8"?>
<testng-results ignored="0" total="1" passed="1" failed="0" skipped="0">
  <reporter-output>
  </reporter-output>
  <suite started-at="2021-05-09T10:51:36 CDT" name="Default suite" finished-at="2021-05-09T10:51:42 CDT" duration-ms="5686">
    <groups>
    </groups>
    <test started-at="2021-05-09T10:51:36 CDT" name="Default test" finished-at="2021-05-09T10:51:42 CDT" duration-ms="5686">
      <class name="variousConcepts.LoginTest_TestNG">
        <test-method is-config="true" signature="launchBrowser()[pri:0, instance:variousConcepts.LoginTest_TestNG@1bb266b3]" started-at="2021-05-09T10:51:36 CDT" name="launchBrowser" finished-at="2021-05-09T10:51:40 CDT" duration-ms="3722" status="PASS">
          <reporter-output>
          </reporter-output>
        </test-method> <!-- launchBrowser -->
        <test-method signature="loginTest()[pri:0, instance:variousConcepts.LoginTest_TestNG@1bb266b3]" started-at="2021-05-09T10:51:40 CDT" name="loginTest" finished-at="2021-05-09T10:51:42 CDT" duration-ms="1772" status="PASS">
          <reporter-output>
          </reporter-output>
        </test-method> <!-- loginTest -->
        <test-method is-config="true" signature="tearDown()[pri:0, instance:variousConcepts.LoginTest_TestNG@1bb266b3]" started-at="2021-05-09T10:51:42 CDT" name="tearDown" finished-at="2021-05-09T10:51:42 CDT" duration-ms="137" status="PASS">
          <reporter-output>
          </reporter-output>
        </test-method> <!-- tearDown -->
      </class> <!-- variousConcepts.LoginTest_TestNG -->
    </test> <!-- Default test -->
  </suite> <!-- Default suite -->
</testng-results>
